{"level":"info","message":"GloriaFood API initialized with base URL:","service":"gloriafood-loyverse-integration","timestamp":"2025-09-30 14:59:23"}
{"level":"info","message":"MongoDB Item Mapping Service initialized","service":"gloriafood-loyverse-integration","timestamp":"2025-09-30 14:59:23"}
{"level":"info","message":"MongoDB Receipt Service initialized","service":"gloriafood-loyverse-integration","timestamp":"2025-09-30 14:59:23"}
{"level":"info","message":"Loyverse API initialized with base URL:","service":"gloriafood-loyverse-integration","timestamp":"2025-09-30 14:59:23"}
{"level":"info","message":"MongoDB Receipt Service initialized","service":"gloriafood-loyverse-integration","timestamp":"2025-09-30 14:59:23"}
{"level":"info","message":"MongoDB connected successfully","service":"gloriafood-loyverse-integration","timestamp":"2025-09-30 14:59:25"}
{"level":"info","message":"Server running on port 8080","service":"gloriafood-loyverse-integration","timestamp":"2025-09-30 14:59:25"}
{"level":"info","message":"Environment: development","service":"gloriafood-loyverse-integration","timestamp":"2025-09-30 14:59:25"}
{"level":"info","message":"Health check: http://localhost:8080/health","service":"gloriafood-loyverse-integration","timestamp":"2025-09-30 14:59:25"}
{"level":"info","message":"Database connection established","service":"gloriafood-loyverse-integration","timestamp":"2025-09-30 14:59:25"}
{"level":"info","message":"GloriaFood API initialized with base URL:","service":"gloriafood-loyverse-integration","timestamp":"2025-09-30 14:59:30"}
{"level":"info","message":"MongoDB Item Mapping Service initialized","service":"gloriafood-loyverse-integration","timestamp":"2025-09-30 14:59:30"}
{"level":"info","message":"MongoDB Receipt Service initialized","service":"gloriafood-loyverse-integration","timestamp":"2025-09-30 14:59:30"}
{"level":"info","message":"Loyverse API initialized with base URL:","service":"gloriafood-loyverse-integration","timestamp":"2025-09-30 14:59:30"}
{"level":"info","message":"MongoDB Receipt Service initialized","service":"gloriafood-loyverse-integration","timestamp":"2025-09-30 14:59:30"}
{"level":"warn","message":"MongoDB disconnected","service":"gloriafood-loyverse-integration","timestamp":"2025-09-30 14:59:33"}
{"level":"info","message":"GloriaFood API initialized with base URL:","service":"gloriafood-loyverse-integration","timestamp":"2025-09-30 14:59:38"}
{"level":"info","message":"MongoDB Item Mapping Service initialized","service":"gloriafood-loyverse-integration","timestamp":"2025-09-30 14:59:38"}
{"level":"info","message":"MongoDB Receipt Service initialized","service":"gloriafood-loyverse-integration","timestamp":"2025-09-30 14:59:38"}
{"level":"info","message":"Loyverse API initialized with base URL:","service":"gloriafood-loyverse-integration","timestamp":"2025-09-30 14:59:38"}
{"level":"info","message":"MongoDB Receipt Service initialized","service":"gloriafood-loyverse-integration","timestamp":"2025-09-30 14:59:38"}
{"level":"info","message":"MongoDB connected successfully","service":"gloriafood-loyverse-integration","timestamp":"2025-09-30 14:59:41"}
{"level":"info","message":"Server running on port 8080","service":"gloriafood-loyverse-integration","timestamp":"2025-09-30 14:59:41"}
{"level":"info","message":"Environment: development","service":"gloriafood-loyverse-integration","timestamp":"2025-09-30 14:59:41"}
{"level":"info","message":"Health check: http://localhost:8080/health","service":"gloriafood-loyverse-integration","timestamp":"2025-09-30 14:59:41"}
{"level":"info","message":"Database connection established","service":"gloriafood-loyverse-integration","timestamp":"2025-09-30 14:59:41"}
{"level":"info","message":"GloriaFood API initialized with base URL:","service":"gloriafood-loyverse-integration","timestamp":"2025-09-30 14:59:43"}
{"level":"info","message":"MongoDB Item Mapping Service initialized","service":"gloriafood-loyverse-integration","timestamp":"2025-09-30 14:59:43"}
{"level":"info","message":"MongoDB Receipt Service initialized","service":"gloriafood-loyverse-integration","timestamp":"2025-09-30 14:59:43"}
{"level":"info","message":"Loyverse API initialized with base URL:","service":"gloriafood-loyverse-integration","timestamp":"2025-09-30 14:59:43"}
{"level":"info","message":"MongoDB Receipt Service initialized","service":"gloriafood-loyverse-integration","timestamp":"2025-09-30 14:59:43"}
{"level":"info","message":"MongoDB connected successfully","service":"gloriafood-loyverse-integration","timestamp":"2025-09-30 14:59:46"}
{"level":"info","message":"Server running on port 8080","service":"gloriafood-loyverse-integration","timestamp":"2025-09-30 14:59:46"}
{"level":"info","message":"Environment: development","service":"gloriafood-loyverse-integration","timestamp":"2025-09-30 14:59:46"}
{"level":"info","message":"Health check: http://localhost:8080/health","service":"gloriafood-loyverse-integration","timestamp":"2025-09-30 14:59:46"}
{"level":"info","message":"Database connection established","service":"gloriafood-loyverse-integration","timestamp":"2025-09-30 14:59:46"}
{"level":"info","message":"GloriaFood API initialized with base URL:","service":"gloriafood-loyverse-integration","timestamp":"2025-09-30 15:00:03"}
{"level":"info","message":"MongoDB Item Mapping Service initialized","service":"gloriafood-loyverse-integration","timestamp":"2025-09-30 15:00:03"}
{"level":"info","message":"MongoDB Receipt Service initialized","service":"gloriafood-loyverse-integration","timestamp":"2025-09-30 15:00:03"}
{"level":"info","message":"Loyverse API initialized with base URL:","service":"gloriafood-loyverse-integration","timestamp":"2025-09-30 15:00:03"}
{"level":"info","message":"MongoDB Receipt Service initialized","service":"gloriafood-loyverse-integration","timestamp":"2025-09-30 15:00:03"}
{"level":"info","message":"MongoDB connected successfully","service":"gloriafood-loyverse-integration","timestamp":"2025-09-30 15:00:05"}
{"level":"info","message":"Server running on port 8080","service":"gloriafood-loyverse-integration","timestamp":"2025-09-30 15:00:05"}
{"level":"info","message":"Environment: development","service":"gloriafood-loyverse-integration","timestamp":"2025-09-30 15:00:05"}
{"level":"info","message":"Health check: http://localhost:8080/health","service":"gloriafood-loyverse-integration","timestamp":"2025-09-30 15:00:05"}
{"level":"info","message":"Database connection established","service":"gloriafood-loyverse-integration","timestamp":"2025-09-30 15:00:05"}
{"level":"info","message":"GloriaFood API initialized with base URL:","service":"gloriafood-loyverse-integration","timestamp":"2025-09-30 15:00:20"}
{"level":"info","message":"MongoDB Item Mapping Service initialized","service":"gloriafood-loyverse-integration","timestamp":"2025-09-30 15:00:20"}
{"level":"info","message":"MongoDB Receipt Service initialized","service":"gloriafood-loyverse-integration","timestamp":"2025-09-30 15:00:20"}
{"level":"info","message":"Loyverse API initialized with base URL:","service":"gloriafood-loyverse-integration","timestamp":"2025-09-30 15:00:20"}
{"level":"info","message":"MongoDB Receipt Service initialized","service":"gloriafood-loyverse-integration","timestamp":"2025-09-30 15:00:20"}
{"level":"info","message":"MongoDB connected successfully","service":"gloriafood-loyverse-integration","timestamp":"2025-09-30 15:00:23"}
{"level":"info","message":"Server running on port 8080","service":"gloriafood-loyverse-integration","timestamp":"2025-09-30 15:00:23"}
{"level":"info","message":"Environment: development","service":"gloriafood-loyverse-integration","timestamp":"2025-09-30 15:00:23"}
{"level":"info","message":"Health check: http://localhost:8080/health","service":"gloriafood-loyverse-integration","timestamp":"2025-09-30 15:00:23"}
{"level":"info","message":"Database connection established","service":"gloriafood-loyverse-integration","timestamp":"2025-09-30 15:00:23"}
{"level":"info","message":"GloriaFood API initialized with base URL:","service":"gloriafood-loyverse-integration","timestamp":"2025-09-30 15:00:24"}
{"level":"info","message":"MongoDB Item Mapping Service initialized","service":"gloriafood-loyverse-integration","timestamp":"2025-09-30 15:00:24"}
{"level":"info","message":"MongoDB Receipt Service initialized","service":"gloriafood-loyverse-integration","timestamp":"2025-09-30 15:00:24"}
{"level":"info","message":"Loyverse API initialized with base URL:","service":"gloriafood-loyverse-integration","timestamp":"2025-09-30 15:00:24"}
{"level":"info","message":"MongoDB Receipt Service initialized","service":"gloriafood-loyverse-integration","timestamp":"2025-09-30 15:00:24"}
